===============PID 26209, Statistic in 5s, 2021-01-25 18:38:12=====================
             |  RESULT|   TOTAL|  SUMVAL|  AVG(ms)|  MAX(ms)|  MIN(ms)|RECATMAX          |  >10.000ms| >100.000ms| >500.000ms|
/demo/v1/test|     200|       1|       0|    0.457|    0.457|    0.457|                  |          0|          0|          0|
----------------------------------------------------------------------------------------
ALL          |       0|       1|       0|    0.000|    0.457|    0.457|                  |          0|          0|          0|

===============PID 12180, Statistic in 5s, 2021-02-09 00:02:24=====================
             |  RESULT|   TOTAL|  SUMVAL|  AVG(ms)|  MAX(ms)|  MIN(ms)|RECATMAX          |  >10.000ms| >100.000ms| >500.000ms|
/demo/v1/test|     200|       1|       0|    0.412|    0.412|    0.412|                  |          0|          0|          0|
----------------------------------------------------------------------------------------
ALL          |       0|       1|       0|    0.000|    0.412|    0.412|                  |          0|          0|          0|

===============PID 12180, Statistic in 5s, 2021-02-09 00:02:49=====================
             |  RESULT|   TOTAL|  SUMVAL|  AVG(ms)|  MAX(ms)|  MIN(ms)|RECATMAX          |  >10.000ms| >100.000ms| >500.000ms|
/demo/v1/test|     200|       1|       0|    0.184|    0.184|    0.184|                  |          0|          0|          0|
----------------------------------------------------------------------------------------
ALL          |       0|       1|       0|    0.000|    0.184|    0.184|                  |          0|          0|          0|

===============PID 12393, Statistic in 5s, 2021-02-09 00:03:46=====================
             |  RESULT|   TOTAL|  SUMVAL|  AVG(ms)|  MAX(ms)|  MIN(ms)|RECATMAX          |  >10.000ms| >100.000ms| >500.000ms|
/demo/v1/test|     200|       1|       0|    0.298|    0.298|    0.298|                  |          0|          0|          0|
----------------------------------------------------------------------------------------
ALL          |       0|       1|       0|    0.000|    0.298|    0.298|                  |          0|          0|          0|

===============PID 12393, Statistic in 5s, 2021-02-09 00:04:21=====================
             |  RESULT|   TOTAL|  SUMVAL|  AVG(ms)|  MAX(ms)|  MIN(ms)|RECATMAX          |  >10.000ms| >100.000ms| >500.000ms|
/demo/v1/test|     200|       1|       0|    9.460|    9.460|    9.460|                  |          0|          0|          0|
----------------------------------------------------------------------------------------
ALL          |       0|       1|       0|    0.000|    9.460|    9.460|                  |          0|          0|          0|

